<?xml version="1.0" encoding="UTF-8"?>
<!-- Generated by org.testng.reporters.JUnitReportReporter -->
<testsuite hostname="INAIRLT541343" failures="0" tests="10" name="session2.InvocationCountConcept" time="0.013" errors="0" timestamp="23 Apr 2023 08:39:01 GMT" skipped="0">
  <testcase classname="session2.InvocationCountConcept" name="createUser" time="0.001"/>
  <testcase classname="session2.InvocationCountConcept" name="createUser" time="0.001"/>
  <testcase classname="session2.InvocationCountConcept" name="createUser" time="0.001"/>
  <testcase classname="session2.InvocationCountConcept" name="createUser" time="0.002"/>
  <testcase classname="session2.InvocationCountConcept" name="createUser" time="0.002"/>
  <testcase classname="session2.InvocationCountConcept" name="createUser" time="0.001"/>
  <testcase classname="session2.InvocationCountConcept" name="createUser" time="0.001"/>
  <testcase classname="session2.InvocationCountConcept" name="createUser" time="0.001"/>
  <testcase classname="session2.InvocationCountConcept" name="createUser" time="0.001"/>
  <testcase classname="session2.InvocationCountConcept" name="createUser" time="0.002"/>
</testsuite> <!-- session2.InvocationCountConcept -->
