<?xml version="1.0" encoding="UTF-8"?>
<!-- Generated by org.testng.reporters.JUnitReportReporter -->
<testsuite hostname="INAIRLT541343" failures="0" tests="5" name="session2.PriorityTest" time="0.010" errors="0" timestamp="23 Apr 2023 08:41:14 GMT" skipped="0">
  <testcase classname="session2.PriorityTest" name="test2" time="0.002"/>
  <testcase classname="session2.PriorityTest" name="test4" time="0.001"/>
  <testcase classname="session2.PriorityTest" name="test5" time="0.002"/>
  <testcase classname="session2.PriorityTest" name="test3" time="0.003"/>
  <testcase classname="session2.PriorityTest" name="test1" time="0.002"/>
</testsuite> <!-- session2.PriorityTest -->
