<?xml version="1.0" encoding="UTF-8"?>
<!-- Generated by org.testng.reporters.JUnitReportReporter -->
<testsuite hostname="INAIRLT541343" failures="0" tests="5" name="session2.DependsOnMethod" time="0.007" errors="0" timestamp="23 Apr 2023 08:39:01 GMT" skipped="0">
  <testcase classname="session2.DependsOnMethod" name="loginTest" time="0.002"/>
  <testcase classname="session2.DependsOnMethod" name="loginTest" time="0.001"/>
  <testcase classname="session2.DependsOnMethod" name="loginTest" time="0.001"/>
  <testcase classname="session2.DependsOnMethod" name="loginTest" time="0.002"/>
  <testcase classname="session2.DependsOnMethod" name="loginTest" time="0.001"/>
</testsuite> <!-- session2.DependsOnMethod -->
