<?xml version="1.0" encoding="UTF-8"?>
<!-- Generated by org.testng.reporters.JUnitReportReporter -->
<testsuite hostname="INAIRLT541343" failures="0" tests="1" name="TestNG.Sessions.LoginTest2" time="0.014" errors="0" timestamp="21 Apr 2023 13:04:10 GMT" skipped="0">
  <testcase classname="TestNG.Sessions.LoginTest2" name="login" time="0.014"/>
</testsuite> <!-- TestNG.Sessions.LoginTest2 -->
