<?xml version="1.0" encoding="UTF-8"?>
<!-- Generated by org.testng.reporters.JUnitReportReporter -->
<testsuite hostname="INAIRLT541343" failures="0" tests="1" name="session2.ExpectedExceptionConcept" time="0.016" errors="0" timestamp="23 Apr 2023 08:41:14 GMT" skipped="0">
  <testcase classname="session2.ExpectedExceptionConcept" name="loginTest" time="0.016"/>
</testsuite> <!-- session2.ExpectedExceptionConcept -->
