<?xml version="1.0" encoding="UTF-8"?>
<!-- Generated by org.testng.reporters.JUnitReportReporter -->
<testsuite hostname="INAIRLT541343" failures="0" tests="5" name="TestNG.Sessions.PriorityTest" time="0.032" errors="0" timestamp="21 Apr 2023 13:40:58 GMT" skipped="0">
  <testcase classname="TestNG.Sessions.PriorityTest" name="test2" time="0.019"/>
  <testcase classname="TestNG.Sessions.PriorityTest" name="test4" time="0.004"/>
  <testcase classname="TestNG.Sessions.PriorityTest" name="test3" time="0.003"/>
  <testcase classname="TestNG.Sessions.PriorityTest" name="test5" time="0.003"/>
  <testcase classname="TestNG.Sessions.PriorityTest" name="test1" time="0.003"/>
</testsuite> <!-- TestNG.Sessions.PriorityTest -->
