<?xml version="1.0" encoding="UTF-8"?>
<!-- Generated by org.testng.reporters.JUnitReportReporter -->
<testsuite hostname="INAIRLT541343" failures="0" tests="3" name="com.qa.opencart.tests.RegistrationPageTest" time="12.997" errors="0" timestamp="11 May 2023 00:31:05 GMT" skipped="0">
  <testcase classname="com.qa.opencart.tests.RegistrationPageTest" name="userRegistrationTest" time="4.300"/>
  <testcase classname="com.qa.opencart.tests.RegistrationPageTest" name="userRegistrationTest" time="4.314"/>
  <testcase classname="com.qa.opencart.tests.RegistrationPageTest" name="userRegistrationTest" time="4.383"/>
</testsuite> <!-- com.qa.opencart.tests.RegistrationPageTest -->
