<?xml version="1.0" encoding="UTF-8"?>
<!-- Generated by org.testng.reporters.JUnitReportReporter -->
<testsuite hostname="INAIRLT541343" failures="0" tests="10" name="com.qa.opencart.tests.AccountsPageTest" time="10.219" errors="0" timestamp="12 May 2023 12:44:35 GMT" skipped="0">
  <testcase classname="com.qa.opencart.tests.AccountsPageTest" name="accPageTitleTest" time="0.030"/>
  <testcase classname="com.qa.opencart.tests.AccountsPageTest" name="accPageHeaderTest" time="0.082"/>
  <testcase classname="com.qa.opencart.tests.AccountsPageTest" name="isLogoutLinkExist" time="0.085"/>
  <testcase classname="com.qa.opencart.tests.AccountsPageTest" name="accountPageSectionsTest" time="0.247"/>
  <testcase classname="com.qa.opencart.tests.AccountsPageTest" name="searchTest" time="0.951"/>
  <testcase classname="com.qa.opencart.tests.AccountsPageTest" name="searchTest" time="0.882"/>
  <testcase classname="com.qa.opencart.tests.AccountsPageTest" name="searchTest" time="0.848"/>
  <testcase classname="com.qa.opencart.tests.AccountsPageTest" name="selectProductTest" time="1.919"/>
  <testcase classname="com.qa.opencart.tests.AccountsPageTest" name="selectProductTest" time="2.586"/>
  <testcase classname="com.qa.opencart.tests.AccountsPageTest" name="selectProductTest" time="2.589"/>
</testsuite> <!-- com.qa.opencart.tests.AccountsPageTest -->
