<?xml version="1.0" encoding="UTF-8"?>
<!-- Generated by org.testng.reporters.JUnitReportReporter -->
<testsuite hostname="INAIRLT541343" failures="0" tests="5" name="com.qa.opencart.tests.LoginPageTest" time="1.766" errors="0" timestamp="12 May 2023 12:44:35 GMT" skipped="0">
  <testcase classname="com.qa.opencart.tests.LoginPageTest" name="loginPageTitleTest" time="0.244"/>
  <testcase classname="com.qa.opencart.tests.LoginPageTest" name="loginPageUrlTest" time="0.023"/>
  <testcase classname="com.qa.opencart.tests.LoginPageTest" name="forgotPasswordLinkTest" time="0.129"/>
  <testcase classname="com.qa.opencart.tests.LoginPageTest" name="isRegisterLinkExistTest" time="0.103"/>
  <testcase classname="com.qa.opencart.tests.LoginPageTest" name="doLoginTest" time="1.267"/>
</testsuite> <!-- com.qa.opencart.tests.LoginPageTest -->
