<?xml version="1.0" encoding="UTF-8"?>
<!-- Generated by org.testng.reporters.JUnitReportReporter -->
<testsuite hostname="INAIRLT541343" failures="0" tests="10" name="com.qa.opencart.tests.AccountsPageTest" time="9.263" errors="0" timestamp="10 May 2023 06:25:11 GMT" skipped="0">
  <testcase classname="com.qa.opencart.tests.AccountsPageTest" name="accPageTitleTest" time="0.039"/>
  <testcase classname="com.qa.opencart.tests.AccountsPageTest" name="accPageHeaderTest" time="0.090"/>
  <testcase classname="com.qa.opencart.tests.AccountsPageTest" name="isLogoutLinkExist" time="0.154"/>
  <testcase classname="com.qa.opencart.tests.AccountsPageTest" name="accountPageSectionsTest" time="0.364"/>
  <testcase classname="com.qa.opencart.tests.AccountsPageTest" name="searchTest" time="0.835"/>
  <testcase classname="com.qa.opencart.tests.AccountsPageTest" name="searchTest" time="0.934"/>
  <testcase classname="com.qa.opencart.tests.AccountsPageTest" name="searchTest" time="0.794"/>
  <testcase classname="com.qa.opencart.tests.AccountsPageTest" name="selectProductTest" time="1.949"/>
  <testcase classname="com.qa.opencart.tests.AccountsPageTest" name="selectProductTest" time="1.768"/>
  <testcase classname="com.qa.opencart.tests.AccountsPageTest" name="selectProductTest" time="2.336"/>
</testsuite> <!-- com.qa.opencart.tests.AccountsPageTest -->
