<?xml version="1.0" encoding="UTF-8"?>
<!-- Generated by org.testng.reporters.JUnitReportReporter -->
<testsuite hostname="INAIRLT541343" failures="0" tests="3" name="com.qa.opencart.tests.ProductInfoPageTest" time="7.301" errors="0" timestamp="2023-05-12T17:19:21 IST" skipped="0">
  <testcase classname="com.qa.opencart.tests.ProductInfoPageTest" name="productHeaderTest" time="2.820"/>
  <system-out/>
  <testcase classname="com.qa.opencart.tests.ProductInfoPageTest" name="productImagesCountTest" time="2.472"/>
  <system-out/>
  <testcase classname="com.qa.opencart.tests.ProductInfoPageTest" name="productInfoTest" time="2.009"/>
  <system-out/>
</testsuite> <!-- com.qa.opencart.tests.ProductInfoPageTest -->
