<?xml version="1.0" encoding="UTF-8"?>
<!-- Generated by org.testng.reporters.JUnitReportReporter -->
<testsuite hostname="INAIRLT541343" failures="0" tests="3" name="com.qa.opencart.tests.RegistrationPageTest" time="12.006" errors="0" timestamp="10 May 2023 03:44:23 GMT" skipped="0">
  <testcase classname="com.qa.opencart.tests.RegistrationPageTest" name="userRegistrationTest" time="3.733"/>
  <testcase classname="com.qa.opencart.tests.RegistrationPageTest" name="userRegistrationTest" time="4.610"/>
  <testcase classname="com.qa.opencart.tests.RegistrationPageTest" name="userRegistrationTest" time="3.663"/>
</testsuite> <!-- com.qa.opencart.tests.RegistrationPageTest -->
